Acceso a Internet abierto
Se ha enviado por email el programa a pista
Acceso a Internet restringido
/home/ovic/Ingenieria/
/home/ovic/Ingenieria/Scripts/
/home/ovic/Ingenieria/Scripts/descargarInforme
/home/ovic/Ingenieria/Scripts/open
/home/ovic/Ingenieria/Scripts/apagar
/home/ovic/Ingenieria/Scripts/enviarPrograma
/home/ovic/Ingenieria/Scripts/close
/home/ovic/Ingenieria/Scripts/copia
/home/ovic/Ingenieria/Scripts/enviarDatos
/home/ovic/Ingenieria/Informes/
/home/ovic/Ingenieria/Informes/2dwbh5v5
/home/ovic/Ingenieria/Informes/entrenamientos1.log
/home/ovic/Ingenieria/Informes/jornada.log
/home/ovic/Ingenieria/Informes/entrenamientos2.log
/home/ovic/Ingenieria/Informes/2dwbh5v5.1
/home/ovic/Ingenieria/Informes/infoRed.txt
/home/ovic/Ingenieria/Informes/programa.txt
/home/ovic/Ingenieria/Informes/InformeSimulacion.txt
Copia de seguridad realizada correctamente
Apagado en 5 segundos
